# JRE version: OpenJDK Runtime Environment (8.0_152-b06) (build 1.8.0_152-release-1136-b06)
# Java VM: OpenJDK 64-Bit Server VM (25.152-b06 mixed mode windows-amd64 compressed oops)
Heap:
 PSYoungGen      total 465920K, used 122521K [0x00000000e0000000, 0x0000000100000000, 0x0000000100000000)
  eden space 406528K, 27% used [0x00000000e0000000,0x00000000e6d59478,0x00000000f8d00000)
  from space 59392K, 17% used [0x00000000fc600000,0x00000000fd04d250,0x0000000100000000)
  to   space 58368K, 0% used [0x00000000f8d00000,0x00000000f8d00000,0x00000000fc600000)
 ParOldGen       total 144896K, used 76286K [0x00000000a0000000, 0x00000000a8d80000, 0x00000000e0000000)
  object space 144896K, 52% used [0x00000000a0000000,0x00000000a4a7f888,0x00000000a8d80000)
 Metaspace       used 101524K, capacity 105818K, committed 106048K, reserved 1142784K
  class space    used 12653K, capacity 13552K, committed 13672K, reserved 1048576K
GC Heap History (10 events):
Event: 1330.663 GC heap before
{Heap before GC invocations=20 (full 3):
 PSYoungGen      total 465920K, used 454701K [0x00000000e0000000, 0x0000000100000000, 0x0000000100000000)
  eden space 415744K, 100% used [0x00000000e0000000,0x00000000f9600000,0x00000000f9600000)
  from space 50176K, 77% used [0x00000000fcf00000,0x00000000ff50b650,0x0000000100000000)
  to   space 54272K, 0% used [0x00000000f9600000,0x00000000f9600000,0x00000000fcb00000)
 ParOldGen       total 144896K, used 77428K [0x00000000a0000000, 0x00000000a8d80000, 0x00000000e0000000)
  object space 144896K, 53% used [0x00000000a0000000,0x00000000a4b9d0d8,0x00000000a8d80000)
 Metaspace       used 90183K, capacity 93292K, committed 93400K, reserved 1130496K
  class space    used 11285K, capacity 12001K, committed 12032K, reserved 1048576K
Event: 1330.719 GC heap after
Heap after GC invocations=20 (full 3):
 PSYoungGen      total 455168K, used 39260K [0x00000000e0000000, 0x0000000100000000, 0x0000000100000000)
  eden space 415744K, 0% used [0x00000000e0000000,0x00000000e0000000,0x00000000f9600000)
  from space 39424K, 99% used [0x00000000f9600000,0x00000000fbc571b8,0x00000000fbc80000)
  to   space 57856K, 0% used [0x00000000fc780000,0x00000000fc780000,0x0000000100000000)
 ParOldGen       total 144896K, used 77436K [0x00000000a0000000, 0x00000000a8d80000, 0x00000000e0000000)
  object space 144896K, 53% used [0x00000000a0000000,0x00000000a4b9f0d8,0x00000000a8d80000)
 Metaspace       used 90183K, capacity 93292K, committed 93400K, reserved 1130496K
  class space    used 11285K, capacity 12001K, committed 12032K, reserved 1048576K
}
Event: 1349.819 GC heap before
{Heap before GC invocations=21 (full 3):
 PSYoungGen      total 455168K, used 455004K [0x00000000e0000000, 0x0000000100000000, 0x0000000100000000)
  eden space 415744K, 100% used [0x00000000e0000000,0x00000000f9600000,0x00000000f9600000)
  from space 39424K, 99% used [0x00000000f9600000,0x00000000fbc571b8,0x00000000fbc80000)
  to   space 57856K, 0% used [0x00000000fc780000,0x00000000fc780000,0x0000000100000000)
 ParOldGen       total 144896K, used 77436K [0x00000000a0000000, 0x00000000a8d80000, 0x00000000e0000000)
  object space 144896K, 53% used [0x00000000a0000000,0x00000000a4b9f0d8,0x00000000a8d80000)
 Metaspace       used 90949K, capacity 94194K, committed 94296K, reserved 1132544K
  class space    used 11402K, capacity 12146K, committed 12160K, reserved 1048576K
Event: 1349.852 GC heap after
Heap after GC invocations=21 (full 3):
 PSYoungGen      total 466944K, used 31744K [0x00000000e0000000, 0x0000000100000000, 0x0000000100000000)
  eden space 409088K, 0% used [0x00000000e0000000,0x00000000e0000000,0x00000000f8f80000)
  from space 57856K, 54% used [0x00000000fc780000,0x00000000fe680120,0x0000000100000000)
  to   space 57344K, 0% used [0x00000000f8f80000,0x00000000f8f80000,0x00000000fc780000)
 ParOldGen       total 144896K, used 77444K [0x00000000a0000000, 0x00000000a8d80000, 0x00000000e0000000)
  object space 144896K, 53% used [0x00000000a0000000,0x00000000a4ba10d8,0x00000000a8d80000)
 Metaspace       used 90949K, capacity 94194K, committed 94296K, reserved 1132544K
  class space    used 11402K, capacity 12146K, committed 12160K, reserved 1048576K
}
Event: 1416.586 GC heap before
{Heap before GC invocations=22 (full 3):
 PSYoungGen      total 466944K, used 226624K [0x00000000e0000000, 0x0000000100000000, 0x0000000100000000)
  eden space 409088K, 47% used [0x00000000e0000000,0x00000000ebe501c8,0x00000000f8f80000)
  from space 57856K, 54% used [0x00000000fc780000,0x00000000fe680120,0x0000000100000000)
  to   space 57344K, 0% used [0x00000000f8f80000,0x00000000f8f80000,0x00000000fc780000)
 ParOldGen       total 144896K, used 77444K [0x00000000a0000000, 0x00000000a8d80000, 0x00000000e0000000)
  object space 144896K, 53% used [0x00000000a0000000,0x00000000a4ba10d8,0x00000000a8d80000)
 Metaspace       used 94744K, capacity 98366K, committed 98496K, reserved 1134592K
  class space    used 11851K, capacity 12680K, committed 12776K, reserved 1048576K
Event: 1416.639 GC heap after
Heap after GC invocations=22 (full 3):
 PSYoungGen      total 448000K, used 38486K [0x00000000e0000000, 0x0000000100000000, 0x0000000100000000)
  eden space 409088K, 0% used [0x00000000e0000000,0x00000000e0000000,0x00000000f8f80000)
  from space 38912K, 98% used [0x00000000f8f80000,0x00000000fb515ad0,0x00000000fb580000)
  to   space 59392K, 0% used [0x00000000fc600000,0x00000000fc600000,0x0000000100000000)
 ParOldGen       total 144896K, used 77452K [0x00000000a0000000, 0x00000000a8d80000, 0x00000000e0000000)
  object space 144896K, 53% used [0x00000000a0000000,0x00000000a4ba30d8,0x00000000a8d80000)
 Metaspace       used 94744K, capacity 98366K, committed 98496K, reserved 1134592K
  class space    used 11851K, capacity 12680K, committed 12776K, reserved 1048576K
}
Event: 1416.639 GC heap before
{Heap before GC invocations=23 (full 4):
 PSYoungGen      total 448000K, used 38486K [0x00000000e0000000, 0x0000000100000000, 0x0000000100000000)
  eden space 409088K, 0% used [0x00000000e0000000,0x00000000e0000000,0x00000000f8f80000)
  from space 38912K, 98% used [0x00000000f8f80000,0x00000000fb515ad0,0x00000000fb580000)
  to   space 59392K, 0% used [0x00000000fc600000,0x00000000fc600000,0x0000000100000000)
 ParOldGen       total 144896K, used 77452K [0x00000000a0000000, 0x00000000a8d80000, 0x00000000e0000000)
  object space 144896K, 53% used [0x00000000a0000000,0x00000000a4ba30d8,0x00000000a8d80000)
 Metaspace       used 94744K, capacity 98366K, committed 98496K, reserved 1134592K
  class space    used 11851K, capacity 12680K, committed 12776K, reserved 1048576K
Event: 1417.163 GC heap after
Heap after GC invocations=23 (full 4):
 PSYoungGen      total 448000K, used 0K [0x00000000e0000000, 0x0000000100000000, 0x0000000100000000)
  eden space 409088K, 0% used [0x00000000e0000000,0x00000000e0000000,0x00000000f8f80000)
  from space 38912K, 0% used [0x00000000f8f80000,0x00000000f8f80000,0x00000000fb580000)
  to   space 59392K, 0% used [0x00000000fc600000,0x00000000fc600000,0x0000000100000000)
 ParOldGen       total 144896K, used 76278K [0x00000000a0000000, 0x00000000a8d80000, 0x00000000e0000000)
  object space 144896K, 52% used [0x00000000a0000000,0x00000000a4a7d888,0x00000000a8d80000)
 Metaspace       used 94689K, capacity 98208K, committed 98496K, reserved 1134592K
  class space    used 11833K, capacity 12647K, committed 12776K, reserved 1048576K
}
Event: 1430.364 GC heap before
{Heap before GC invocations=24 (full 4):
 PSYoungGen      total 448000K, used 409088K [0x00000000e0000000, 0x0000000100000000, 0x0000000100000000)
  eden space 409088K, 100% used [0x00000000e0000000,0x00000000f8f80000,0x00000000f8f80000)
  from space 38912K, 0% used [0x00000000f8f80000,0x00000000f8f80000,0x00000000fb580000)
  to   space 59392K, 0% used [0x00000000fc600000,0x00000000fc600000,0x0000000100000000)
 ParOldGen       total 144896K, used 76278K [0x00000000a0000000, 0x00000000a8d80000, 0x00000000e0000000)
  object space 144896K, 52% used [0x00000000a0000000,0x00000000a4a7d888,0x00000000a8d80000)
 Metaspace       used 101462K, capacity 105750K, committed 106048K, reserved 1142784K
  class space    used 12652K, capacity 13552K, committed 13672K, reserved 1048576K
Event: 1430.389 GC heap after
Heap after GC invocations=24 (full 4):
 PSYoungGen      total 465920K, used 10548K [0x00000000e0000000, 0x0000000100000000, 0x0000000100000000)
  eden space 406528K, 0% used [0x00000000e0000000,0x00000000e0000000,0x00000000f8d00000)
  from space 59392K, 17% used [0x00000000fc600000,0x00000000fd04d250,0x0000000100000000)
  to   space 58368K, 0% used [0x00000000f8d00000,0x00000000f8d00000,0x00000000fc600000)
 ParOldGen       total 144896K, used 76286K [0x00000000a0000000, 0x00000000a8d80000, 0x00000000e0000000)
  object space 144896K, 52% used [0x00000000a0000000,0x00000000a4a7f888,0x00000000a8d80000)
 Metaspace       used 101462K, capacity 105750K, committed 106048K, reserved 1142784K
  class space    used 12652K, capacity 13552K, committed 13672K, reserved 1048576K
}

